# JRE version: OpenJDK Runtime Environment (8.0_362-b09) (build 1.8.0_362-8u372-ga~us1-0ubuntu1~22.04-b09)
# Java VM: OpenJDK 64-Bit Server VM (25.362-b09 mixed mode linux-amd64 compressed oops)
Heap:
 PSYoungGen      total 73728K, used 59640K [0x000000076e400000, 0x0000000777400000, 0x00000007c0000000)
  eden space 63488K, 83% used [0x000000076e400000,0x00000007717e6380,0x0000000772200000)
  from space 10240K, 63% used [0x0000000772200000,0x0000000772857ff8,0x0000000772c00000)
  to   space 10240K, 0% used [0x0000000776a00000,0x0000000776a00000,0x0000000777400000)
 ParOldGen       total 167936K, used 32K [0x00000006cac00000, 0x00000006d5000000, 0x000000076e400000)
  object space 167936K, 0% used [0x00000006cac00000,0x00000006cac08000,0x00000006d5000000)
 Metaspace       used 20269K, capacity 20512K, committed 20864K, reserved 1067008K
  class space    used 2288K, capacity 2382K, committed 2432K, reserved 1048576K
GC Heap History (6 events):
Event: 0,612 GC heap before
{Heap before GC invocations=1 (full 0):
 PSYoungGen      total 73728K, used 63488K [0x000000076e400000, 0x0000000773600000, 0x00000007c0000000)
  eden space 63488K, 100% used [0x000000076e400000,0x0000000772200000,0x0000000772200000)
  from space 10240K, 0% used [0x0000000772c00000,0x0000000772c00000,0x0000000773600000)
  to   space 10240K, 0% used [0x0000000772200000,0x0000000772200000,0x0000000772c00000)
 ParOldGen       total 167936K, used 0K [0x00000006cac00000, 0x00000006d5000000, 0x000000076e400000)
  object space 167936K, 0% used [0x00000006cac00000,0x00000006cac00000,0x00000006d5000000)
 Metaspace       used 10345K, capacity 10536K, committed 10752K, reserved 1058816K
  class space    used 1173K, capacity 1254K, committed 1280K, reserved 1048576K
Event: 0,616 GC heap after
Heap after GC invocations=1 (full 0):
 PSYoungGen      total 73728K, used 7251K [0x000000076e400000, 0x0000000773600000, 0x00000007c0000000)
  eden space 63488K, 0% used [0x000000076e400000,0x000000076e400000,0x0000000772200000)
  from space 10240K, 70% used [0x0000000772200000,0x0000000772914c78,0x0000000772c00000)
  to   space 10240K, 0% used [0x0000000772c00000,0x0000000772c00000,0x0000000773600000)
 ParOldGen       total 167936K, used 16K [0x00000006cac00000, 0x00000006d5000000, 0x000000076e400000)
  object space 167936K, 0% used [0x00000006cac00000,0x00000006cac04000,0x00000006d5000000)
 Metaspace       used 10345K, capacity 10536K, committed 10752K, reserved 1058816K
  class space    used 1173K, capacity 1254K, committed 1280K, reserved 1048576K
}
Event: 0,751 GC heap before
{Heap before GC invocations=2 (full 0):
 PSYoungGen      total 73728K, used 70739K [0x000000076e400000, 0x0000000773600000, 0x00000007c0000000)
  eden space 63488K, 100% used [0x000000076e400000,0x0000000772200000,0x0000000772200000)
  from space 10240K, 70% used [0x0000000772200000,0x0000000772914c78,0x0000000772c00000)
  to   space 10240K, 0% used [0x0000000772c00000,0x0000000772c00000,0x0000000773600000)
 ParOldGen       total 167936K, used 16K [0x00000006cac00000, 0x00000006d5000000, 0x000000076e400000)
  object space 167936K, 0% used [0x00000006cac00000,0x00000006cac04000,0x00000006d5000000)
 Metaspace       used 13751K, capacity 13960K, committed 14208K, reserved 1062912K
  class space    used 1534K, capacity 1606K, committed 1664K, reserved 1048576K
Event: 0,756 GC heap after
Heap after GC invocations=2 (full 0):
 PSYoungGen      total 73728K, used 7108K [0x000000076e400000, 0x0000000777400000, 0x00000007c0000000)
  eden space 63488K, 0% used [0x000000076e400000,0x000000076e400000,0x0000000772200000)
  from space 10240K, 69% used [0x0000000772c00000,0x00000007732f10f0,0x0000000773600000)
  to   space 10240K, 0% used [0x0000000772200000,0x0000000772200000,0x0000000772c00000)
 ParOldGen       total 167936K, used 24K [0x00000006cac00000, 0x00000006d5000000, 0x000000076e400000)
  object space 167936K, 0% used [0x00000006cac00000,0x00000006cac06000,0x00000006d5000000)
 Metaspace       used 13751K, capacity 13960K, committed 14208K, reserved 1062912K
  class space    used 1534K, capacity 1606K, committed 1664K, reserved 1048576K
}
Event: 0,876 GC heap before
{Heap before GC invocations=3 (full 0):
 PSYoungGen      total 73728K, used 70596K [0x000000076e400000, 0x0000000777400000, 0x00000007c0000000)
  eden space 63488K, 100% used [0x000000076e400000,0x0000000772200000,0x0000000772200000)
  from space 10240K, 69% used [0x0000000772c00000,0x00000007732f10f0,0x0000000773600000)
  to   space 10240K, 0% used [0x0000000772200000,0x0000000772200000,0x0000000772c00000)
 ParOldGen       total 167936K, used 24K [0x00000006cac00000, 0x00000006d5000000, 0x000000076e400000)
  object space 167936K, 0% used [0x00000006cac00000,0x00000006cac06000,0x00000006d5000000)
 Metaspace       used 16194K, capacity 16360K, committed 16512K, reserved 1064960K
  class space    used 1832K, capacity 1894K, committed 1920K, reserved 1048576K
Event: 0,880 GC heap after
Heap after GC invocations=3 (full 0):
 PSYoungGen      total 73728K, used 6495K [0x000000076e400000, 0x0000000777400000, 0x00000007c0000000)
  eden space 63488K, 0% used [0x000000076e400000,0x000000076e400000,0x0000000772200000)
  from space 10240K, 63% used [0x0000000772200000,0x0000000772857ff8,0x0000000772c00000)
  to   space 10240K, 0% used [0x0000000776a00000,0x0000000776a00000,0x0000000777400000)
 ParOldGen       total 167936K, used 32K [0x00000006cac00000, 0x00000006d5000000, 0x000000076e400000)
  object space 167936K, 0% used [0x00000006cac00000,0x00000006cac08000,0x00000006d5000000)
 Metaspace       used 16194K, capacity 16360K, committed 16512K, reserved 1064960K
  class space    used 1832K, capacity 1894K, committed 1920K, reserved 1048576K
}

