# JRE version: OpenJDK Runtime Environment (8.0_362-b09) (build 1.8.0_362-8u372-ga~us1-0ubuntu1~22.04-b09)
# Java VM: OpenJDK 64-Bit Server VM (25.362-b09 mixed mode linux-amd64 compressed oops)
Heap:
 PSYoungGen      total 137216K, used 124179K [0x000000076e400000, 0x0000000777400000, 0x00000007c0000000)
  eden space 126976K, 92% used [0x000000076e400000,0x00000007756509d0,0x0000000776000000)
  from space 10240K, 69% used [0x0000000776a00000,0x00000007770f4508,0x0000000777400000)
  to   space 10240K, 0% used [0x0000000776000000,0x0000000776000000,0x0000000776a00000)
 ParOldGen       total 167936K, used 24K [0x00000006cac00000, 0x00000006d5000000, 0x000000076e400000)
  object space 167936K, 0% used [0x00000006cac00000,0x00000006cac06000,0x00000006d5000000)
 Metaspace       used 20230K, capacity 20448K, committed 20864K, reserved 1067008K
  class space    used 2288K, capacity 2382K, committed 2432K, reserved 1048576K
GC Heap History (4 events):
Event: 0,711 GC heap before
{Heap before GC invocations=1 (full 0):
 PSYoungGen      total 73728K, used 63488K [0x000000076e400000, 0x0000000773600000, 0x00000007c0000000)
  eden space 63488K, 100% used [0x000000076e400000,0x0000000772200000,0x0000000772200000)
  from space 10240K, 0% used [0x0000000772c00000,0x0000000772c00000,0x0000000773600000)
  to   space 10240K, 0% used [0x0000000772200000,0x0000000772200000,0x0000000772c00000)
 ParOldGen       total 167936K, used 0K [0x00000006cac00000, 0x00000006d5000000, 0x000000076e400000)
  object space 167936K, 0% used [0x00000006cac00000,0x00000006cac00000,0x00000006d5000000)
 Metaspace       used 10338K, capacity 10536K, committed 10752K, reserved 1058816K
  class space    used 1173K, capacity 1254K, committed 1280K, reserved 1048576K
Event: 0,718 GC heap after
Heap after GC invocations=1 (full 0):
 PSYoungGen      total 73728K, used 7292K [0x000000076e400000, 0x0000000777400000, 0x00000007c0000000)
  eden space 63488K, 0% used [0x000000076e400000,0x000000076e400000,0x0000000772200000)
  from space 10240K, 71% used [0x0000000772200000,0x000000077291f180,0x0000000772c00000)
  to   space 10240K, 0% used [0x0000000776a00000,0x0000000776a00000,0x0000000777400000)
 ParOldGen       total 167936K, used 16K [0x00000006cac00000, 0x00000006d5000000, 0x000000076e400000)
  object space 167936K, 0% used [0x00000006cac00000,0x00000006cac04000,0x00000006d5000000)
 Metaspace       used 10338K, capacity 10536K, committed 10752K, reserved 1058816K
  class space    used 1173K, capacity 1254K, committed 1280K, reserved 1048576K
}
Event: 0,873 GC heap before
{Heap before GC invocations=2 (full 0):
 PSYoungGen      total 73728K, used 70780K [0x000000076e400000, 0x0000000777400000, 0x00000007c0000000)
  eden space 63488K, 100% used [0x000000076e400000,0x0000000772200000,0x0000000772200000)
  from space 10240K, 71% used [0x0000000772200000,0x000000077291f180,0x0000000772c00000)
  to   space 10240K, 0% used [0x0000000776a00000,0x0000000776a00000,0x0000000777400000)
 ParOldGen       total 167936K, used 16K [0x00000006cac00000, 0x00000006d5000000, 0x000000076e400000)
  object space 167936K, 0% used [0x00000006cac00000,0x00000006cac04000,0x00000006d5000000)
 Metaspace       used 13785K, capacity 13960K, committed 14208K, reserved 1062912K
  class space    used 1539K, capacity 1606K, committed 1664K, reserved 1048576K
Event: 0,880 GC heap after
Heap after GC invocations=2 (full 0):
 PSYoungGen      total 137216K, used 7121K [0x000000076e400000, 0x0000000777400000, 0x00000007c0000000)
  eden space 126976K, 0% used [0x000000076e400000,0x000000076e400000,0x0000000776000000)
  from space 10240K, 69% used [0x0000000776a00000,0x00000007770f4508,0x0000000777400000)
  to   space 10240K, 0% used [0x0000000776000000,0x0000000776000000,0x0000000776a00000)
 ParOldGen       total 167936K, used 24K [0x00000006cac00000, 0x00000006d5000000, 0x000000076e400000)
  object space 167936K, 0% used [0x00000006cac00000,0x00000006cac06000,0x00000006d5000000)
 Metaspace       used 13785K, capacity 13960K, committed 14208K, reserved 1062912K
  class space    used 1539K, capacity 1606K, committed 1664K, reserved 1048576K
}

